Jan 03 08:43:36 [root] - Enviados todos los avisos de inicio para el curso: Curso documentado 2010
Jan 03 08:45:22 [root] - Enviados todos los avisos de inicio para el curso: Alemán avanzado
Jan 03 08:45:23 [root] - Error al enviar aviso a: xavi@ningen.es. Exept: 5.1.1 <xavi@ningen.es>: Recipient address rejected: User unknown in virtual mailbox table
Jan 03 08:45:23 [root] - Error al enviar aviso a: david@ningen.es. Exept: 5.1.1 <david@ningen.es>: Recipient address rejected: User unknown in virtual mailbox table
Jan 03 08:45:23 [root] - Error al enviar aviso a: juan@ningen.es. Exept: 5.1.1 <juan@ningen.es>: Recipient address rejected: User unknown in virtual mailbox table
Jan 03 08:45:23 [root] - Error al enviar aviso a: diego@ningen.es. Exept: 5.1.1 <diego@ningen.es>: Recipient address rejected: User unknown in virtual mailbox table
Jan 03 08:45:23 [root] - Error al enviar aviso a: yeray@ningen.es. Exept: 5.1.1 <yeray@ningen.es>: Recipient address rejected: User unknown in virtual mailbox table
Jan 03 08:45:24 [root] - Enviados todos los avisos de inicio para el curso: Curso documentado 2010
Jan 03 09:03:36 [root] - Enviados todos los avisos de inicio para el curso: Alemán avanzado
Jan 03 09:03:36 [root] - Error al enviar aviso a: xavi@ningen.es. Exept: 5.1.1 <xavi@ningen.es>: Recipient address rejected: User unknown in virtual mailbox table
Jan 03 09:03:36 [root] - Error al enviar aviso a: david@ningen.es. Exept: 5.1.1 <david@ningen.es>: Recipient address rejected: User unknown in virtual mailbox table
Jan 03 09:03:36 [root] - Error al enviar aviso a: juan@ningen.es. Exept: 5.1.1 <juan@ningen.es>: Recipient address rejected: User unknown in virtual mailbox table
Jan 03 09:03:36 [root] - Error al enviar aviso a: diego@ningen.es. Exept: 5.1.1 <diego@ningen.es>: Recipient address rejected: User unknown in virtual mailbox table
Jan 03 09:03:36 [root] - Error al enviar aviso a: yeray@ningen.es. Exept: 5.1.1 <yeray@ningen.es>: Recipient address rejected: User unknown in virtual mailbox table
Jan 03 09:03:37 [root] - Enviados todos los avisos de inicio para el curso: Curso documentado 2010
Jan 03 09:17:34 [root] - Enviados todos los avisos de inicio para el curso: Alemán avanzado
Jan 03 09:17:34 [root] - Error al enviar aviso a: xavi@ningen.es. Exept: 5.1.1 <xavi@ningen.es>: Recipient address rejected: User unknown in virtual mailbox table
Jan 03 09:17:34 [root] - Error al enviar aviso a: david@ningen.es. Exept: 5.1.1 <david@ningen.es>: Recipient address rejected: User unknown in virtual mailbox table
Jan 03 09:17:34 [root] - Error al enviar aviso a: juan@ningen.es. Exept: 5.1.1 <juan@ningen.es>: Recipient address rejected: User unknown in virtual mailbox table
Jan 03 09:17:34 [root] - Error al enviar aviso a: diego@ningen.es. Exept: 5.1.1 <diego@ningen.es>: Recipient address rejected: User unknown in virtual mailbox table
Jan 03 09:17:34 [root] - Error al enviar aviso a: yeray@ningen.es. Exept: 5.1.1 <yeray@ningen.es>: Recipient address rejected: User unknown in virtual mailbox table
Jan 03 09:17:36 [root] - Enviados todos los avisos de inicio para el curso: Curso documentado 2010
Jan 03 10:18:03 [root] - Enviados todos los avisos de inicio para el curso: Alemán avanzado
Jan 03 10:18:03 [root] - Error al enviar aviso a: xavi@ningen.es. Exept: 5.1.1 <xavi@ningen.es>: Recipient address rejected: User unknown in virtual mailbox table
Jan 03 10:18:03 [root] - Error al enviar aviso a: david@ningen.es. Exept: 5.1.1 <david@ningen.es>: Recipient address rejected: User unknown in virtual mailbox table
Jan 03 10:18:03 [root] - Error al enviar aviso a: juan@ningen.es. Exept: 5.1.1 <juan@ningen.es>: Recipient address rejected: User unknown in virtual mailbox table
Jan 03 10:18:03 [root] - Error al enviar aviso a: diego@ningen.es. Exept: 5.1.1 <diego@ningen.es>: Recipient address rejected: User unknown in virtual mailbox table
Jan 03 10:18:03 [root] - Error al enviar aviso a: yeray@ningen.es. Exept: 5.1.1 <yeray@ningen.es>: Recipient address rejected: User unknown in virtual mailbox table
Jan 03 10:18:04 [root] - Enviados todos los avisos de inicio para el curso: Curso documentado 2010
Jan 03 10:20:47 [root] - Enviados todos los avisos de inicio para el curso: Alemán avanzado
Jan 03 10:20:47 [root] - Error al enviar aviso a: xavi@ningen.es. Exept: 5.1.1 <xavi@ningen.es>: Recipient address rejected: User unknown in virtual mailbox table
Jan 03 10:20:47 [root] - Error al enviar aviso a: david@ningen.es. Exept: 5.1.1 <david@ningen.es>: Recipient address rejected: User unknown in virtual mailbox table
Jan 03 10:20:47 [root] - Error al enviar aviso a: juan@ningen.es. Exept: 5.1.1 <juan@ningen.es>: Recipient address rejected: User unknown in virtual mailbox table
Jan 03 10:20:47 [root] - Error al enviar aviso a: diego@ningen.es. Exept: 5.1.1 <diego@ningen.es>: Recipient address rejected: User unknown in virtual mailbox table
Jan 03 10:20:47 [root] - Error al enviar aviso a: yeray@ningen.es. Exept: 5.1.1 <yeray@ningen.es>: Recipient address rejected: User unknown in virtual mailbox table
Jan 03 10:20:48 [root] - Enviados todos los avisos de inicio para el curso: Curso documentado 2010
